<?xml version="1.0" encoding="UTF-8"?>
<testng-results ignored="0" total="7" passed="6" failed="1" skipped="0">
  <reporter-output>
  </reporter-output>
  <suite started-at="2021-09-04T20:21:10 CEST" name="Suite" finished-at="2021-09-04T20:21:18 CEST" duration-ms="8224">
    <groups>
    </groups>
    <test started-at="2021-09-04T20:21:10 CEST" name="Tests" finished-at="2021-09-04T20:21:18 CEST" duration-ms="8224">
      <class name="com.org.tests.APITest">
        <test-method is-config="true" signature="setUp()[pri:0, instance:com.org.tests.APITest@71a794e5]" started-at="2021-09-04T20:21:10 CEST" name="setUp" finished-at="2021-09-04T20:21:10 CEST" duration-ms="761" status="PASS">
          <reporter-output>
          </reporter-output>
        </test-method> <!-- setUp -->
        <test-method signature="getAllRepo()[pri:0, instance:com.org.tests.APITest@71a794e5]" started-at="2021-09-04T20:21:10 CEST" name="getAllRepo" finished-at="2021-09-04T20:21:11 CEST" duration-ms="1141" status="FAIL">
          <exception class="java.lang.AssertionError">
            <message>
              <![CDATA[Total count changed as this is a dynamic value expected [643292] but found [643294]]]>
            </message>
            <full-stacktrace>
              <![CDATA[java.lang.AssertionError: Total count changed as this is a dynamic value expected [643292] but found [643294]
at org.testng.Assert.fail(Assert.java:99)
at org.testng.Assert.failNotEquals(Assert.java:1037)
at org.testng.Assert.assertEqualsImpl(Assert.java:140)
at org.testng.Assert.assertEquals(Assert.java:122)
at org.testng.Assert.assertEquals(Assert.java:907)
at com.org.tests.APITest.getAllRepo(APITest.java:47)
at java.base/jdk.internal.reflect.NativeMethodAccessorImpl.invoke0(Native Method)
at java.base/jdk.internal.reflect.NativeMethodAccessorImpl.invoke(NativeMethodAccessorImpl.java:78)
at java.base/jdk.internal.reflect.DelegatingMethodAccessorImpl.invoke(DelegatingMethodAccessorImpl.java:43)
at java.base/java.lang.reflect.Method.invoke(Method.java:567)
at org.testng.internal.MethodInvocationHelper.invokeMethod(MethodInvocationHelper.java:133)
at org.testng.internal.TestInvoker.invokeMethod(TestInvoker.java:598)
at org.testng.internal.TestInvoker.invokeTestMethod(TestInvoker.java:173)
at org.testng.internal.MethodRunner.runInSequence(MethodRunner.java:46)
at org.testng.internal.TestInvoker$MethodInvocationAgent.invoke(TestInvoker.java:824)
at org.testng.internal.TestInvoker.invokeTestMethods(TestInvoker.java:146)
at org.testng.internal.TestMethodWorker.invokeTestMethods(TestMethodWorker.java:146)
at org.testng.internal.TestMethodWorker.run(TestMethodWorker.java:128)
at java.base/java.util.ArrayList.forEach(ArrayList.java:1511)
at org.testng.TestRunner.privateRun(TestRunner.java:794)
at org.testng.TestRunner.run(TestRunner.java:596)
at org.testng.SuiteRunner.runTest(SuiteRunner.java:377)
at org.testng.SuiteRunner.runSequentially(SuiteRunner.java:371)
at org.testng.SuiteRunner.privateRun(SuiteRunner.java:332)
at org.testng.SuiteRunner.run(SuiteRunner.java:276)
at org.testng.SuiteRunnerWorker.runSuite(SuiteRunnerWorker.java:53)
at org.testng.SuiteRunnerWorker.run(SuiteRunnerWorker.java:96)
at org.testng.TestNG.runSuitesSequentially(TestNG.java:1212)
at org.testng.TestNG.runSuitesLocally(TestNG.java:1134)
at org.testng.TestNG.runSuites(TestNG.java:1063)
at org.testng.TestNG.run(TestNG.java:1031)
at com.intellij.rt.testng.IDEARemoteTestNG.run(IDEARemoteTestNG.java:66)
at com.intellij.rt.testng.RemoteTestNGStarter.main(RemoteTestNGStarter.java:109)
]]>
            </full-stacktrace>
          </exception> <!-- java.lang.AssertionError -->
          <reporter-output>
          </reporter-output>
        </test-method> <!-- getAllRepo -->
        <test-method is-config="true" signature="setUp()[pri:0, instance:com.org.tests.APITest@71a794e5]" started-at="2021-09-04T20:21:11 CEST" name="setUp" finished-at="2021-09-04T20:21:12 CEST" duration-ms="184" status="PASS">
          <reporter-output>
          </reporter-output>
        </test-method> <!-- setUp -->
        <test-method signature="getRepoByLanguage()[pri:1, instance:com.org.tests.APITest@71a794e5]" started-at="2021-09-04T20:21:12 CEST" name="getRepoByLanguage" finished-at="2021-09-04T20:21:13 CEST" duration-ms="1271" status="PASS">
          <reporter-output>
          </reporter-output>
        </test-method> <!-- getRepoByLanguage -->
        <test-method is-config="true" signature="setUp()[pri:0, instance:com.org.tests.APITest@71a794e5]" started-at="2021-09-04T20:21:13 CEST" name="setUp" finished-at="2021-09-04T20:21:13 CEST" duration-ms="261" status="PASS">
          <reporter-output>
          </reporter-output>
        </test-method> <!-- setUp -->
        <test-method signature="getRepoByDate()[pri:2, instance:com.org.tests.APITest@71a794e5]" started-at="2021-09-04T20:21:13 CEST" name="getRepoByDate" finished-at="2021-09-04T20:21:14 CEST" duration-ms="552" status="PASS">
          <reporter-output>
          </reporter-output>
        </test-method> <!-- getRepoByDate -->
        <test-method is-config="true" signature="setUp()[pri:0, instance:com.org.tests.APITest@71a794e5]" started-at="2021-09-04T20:21:14 CEST" name="setUp" finished-at="2021-09-04T20:21:14 CEST" duration-ms="82" status="PASS">
          <reporter-output>
          </reporter-output>
        </test-method> <!-- setUp -->
        <test-method signature="getRepoByTwoLanguages()[pri:3, instance:com.org.tests.APITest@71a794e5]" started-at="2021-09-04T20:21:14 CEST" name="getRepoByTwoLanguages" finished-at="2021-09-04T20:21:15 CEST" duration-ms="1238" status="PASS">
          <reporter-output>
          </reporter-output>
        </test-method> <!-- getRepoByTwoLanguages -->
        <test-method is-config="true" signature="setUp()[pri:0, instance:com.org.tests.APITest@71a794e5]" started-at="2021-09-04T20:21:15 CEST" name="setUp" finished-at="2021-09-04T20:21:15 CEST" duration-ms="88" status="PASS">
          <reporter-output>
          </reporter-output>
        </test-method> <!-- setUp -->
        <test-method signature="getRepoByUser()[pri:4, instance:com.org.tests.APITest@71a794e5]" started-at="2021-09-04T20:21:15 CEST" name="getRepoByUser" finished-at="2021-09-04T20:21:16 CEST" duration-ms="741" status="PASS">
          <reporter-output>
          </reporter-output>
        </test-method> <!-- getRepoByUser -->
        <test-method is-config="true" signature="setUp()[pri:0, instance:com.org.tests.APITest@71a794e5]" started-at="2021-09-04T20:21:16 CEST" name="setUp" finished-at="2021-09-04T20:21:16 CEST" duration-ms="259" status="PASS">
          <reporter-output>
          </reporter-output>
        </test-method> <!-- setUp -->
        <test-method signature="getStarredRepo()[pri:5, instance:com.org.tests.APITest@71a794e5]" started-at="2021-09-04T20:21:16 CEST" name="getStarredRepo" finished-at="2021-09-04T20:21:17 CEST" duration-ms="1244" status="PASS">
          <reporter-output>
          </reporter-output>
        </test-method> <!-- getStarredRepo -->
        <test-method is-config="true" signature="setUp()[pri:0, instance:com.org.tests.APITest@71a794e5]" started-at="2021-09-04T20:21:17 CEST" name="setUp" finished-at="2021-09-04T20:21:18 CEST" duration-ms="118" status="PASS">
          <reporter-output>
          </reporter-output>
        </test-method> <!-- setUp -->
        <test-method signature="dataNotFound()[pri:6, instance:com.org.tests.APITest@71a794e5]" started-at="2021-09-04T20:21:18 CEST" name="dataNotFound" finished-at="2021-09-04T20:21:18 CEST" duration-ms="203" status="PASS">
          <reporter-output>
          </reporter-output>
        </test-method> <!-- dataNotFound -->
      </class> <!-- com.org.tests.APITest -->
    </test> <!-- Tests -->
  </suite> <!-- Suite -->
</testng-results>
